Fichier d'aide introuvable.

Usage: flowkhfifdrif.sh [options]

Options disponibles :
  -h, --help       Afficher cette aide
  -f               Exécuter une commande dans un processus enfant
  -t               Exécuter une commande dans un thread POSIX
  -s               Exécuter une commande dans un sous-shell
  -l               Définir le dossier de logs
  -r               Réinitialiser la configuration du projet
  --ai             Utiliser l'IA pour interpréter une phrase en commande shell
Usage: flowkhfifdrif.sh [options]

Options disponibles :
  -h, --help       Afficher cette aide
  -f               Exécuter une commande dans un processus enfant
  -t               Exécuter une commande dans un thread POSIX
  -s               Exécuter une commande dans un sous-shell
  -l               Définir le dossier de logs
  -r               Réinitialiser la configuration du projet
  --ai             Utiliser l'IA pour interpréter une phrase en commande shell
Usage: flowkhfifdrif.sh [options]

Options disponibles :
  -h, --help       Afficher cette aide
  -f               Exécuter une commande dans un processus enfant
  -t               Exécuter une commande dans un thread POSIX
  -s               Exécuter une commande dans un sous-shell
  -l               Définir le dossier de logs
  -r               Réinitialiser la configuration du projet
  --ai             Utiliser l'IA pour interpréter une phrase en commande shell./logger.sh: line 48: show_help: unbound variable
./logger.sh: line 25: $2: unbound variable
2025-05-11-15-52-55 : PC : INFOS  : show_help
./logger.sh: line 48: show_help: unbound variable
./logger.sh: line 49: show_help: unbound variable

Usage: flowkhfifdrif.sh [options]

Options disponibles :
  -h, --help       Afficher cette aide
  -f               Exécuter une commande dans un processus enfant
  -t               Exécuter une commande dans un thread POSIX
  -s               Exécuter une commande dans un sous-shell
  -l               Définir le dossier de logs
  -r               Réinitialiser la configuration du projet
  --ai             Utiliser l'IA pour interpréter une phrase en commande shell2025-05-11-15-57-12 : PC : INFOS  : Affichage de l'aide utilisateur depuis docs/help.txt

Usage: flowkhfifdrif.sh [options]

Options disponibles :
  -h, --help       Afficher cette aide
  -f               Exécuter une commande dans un processus enfant
  -t               Exécuter une commande dans un thread POSIX
  -s               Exécuter une commande dans un sous-shell
  -l               Définir le dossier de logs
  -r               Réinitialiser la configuration du projet
  --ai             Utiliser l'IA pour interpréter une phrase en commande shell2025-05-11-15-57-35 : PC : INFOS  : Affichage de l'aide utilisateur depuis docs/help.txt
2025-05-11-16-58-49 : PC : INFOS  : Affichage de l'aide utilisateur depuis docs/help.txt
2025-05-11-17-12-23 : PC : INFOS  : Affichage de l'aide utilisateur depuis docs/help.txt
2025-05-11-17-13-40 : PC : INFOS  : Affichage de l'aide utilisateur depuis docs/help.txt
2025-05-11-17-17-35 : PC : INFOS  : Affichage de l'aide utilisateur depuis docs/help.txt
2025-05-11-21-03-07 : PC : INFOS  : Affichage de l'aide utilisateur depuis docs/help.txt
2025-05-11-21-03-26 : PC : INFOS  : Affichage de l'aide utilisateur depuis docs/help.txt
2025-05-12-12-22-57 : PC : INFOS  : Affichage de l'aide utilisateur depuis docs/help.txt
